<?xml version="1.0" encoding="UTF-8"?>
<!-- Generated by org.testng.reporters.JUnitReportReporter -->
<testsuite hostname="DESKTOP-DUB5UPV" name="testscript.VerifyMessage" tests="1" failures="0" timestamp="6 Sep 2022 16:34:19 GMT" time="37.130" errors="0">
  <testcase name="verifyerrormessage" time="37.130" classname="testscript.VerifyMessage"/>
</testsuite> <!-- testscript.VerifyMessage -->
